{"C:\\Andela\\Andela\\Andela_project\\eagles-bn-frontend\\src\\components\\Signup.js": {"path":"C:\\Andela\\Andela\\Andela_project\\eagles-bn-frontend\\src\\components\\Signup.js","statementMap":{"0":{"start":{"line":6,"column":18},"end":{"line":17,"column":3}},"1":{"start":{"line":7,"column":13},"end":{"line":7,"column":17}},"2":{"start":{"line":9,"column":2},"end":{"line":11,"column":4}},"3":{"start":{"line":10,"column":4},"end":{"line":10,"column":33}},"4":{"start":{"line":13,"column":2},"end":{"line":15,"column":4}},"5":{"start":{"line":14,"column":5},"end":{"line":14,"column":30}},"6":{"start":{"line":16,"column":2},"end":{"line":16,"column":14}},"7":{"start":{"line":19,"column":21},"end":{"line":19,"column":99}},"8":{"start":{"line":23,"column":4},"end":{"line":23,"column":12}},"9":{"start":{"line":24,"column":4},"end":{"line":39,"column":4}},"10":{"start":{"line":40,"column":3},"end":{"line":40,"column":52}},"11":{"start":{"line":41,"column":4},"end":{"line":41,"column":53}},"12":{"start":{"line":44,"column":27},"end":{"line":44,"column":37}},"13":{"start":{"line":45,"column":2},"end":{"line":52,"column":3}},"14":{"start":{"line":46,"column":4},"end":{"line":48,"column":5}},"15":{"start":{"line":47,"column":6},"end":{"line":47,"column":56}},"16":{"start":{"line":49,"column":4},"end":{"line":51,"column":5}},"17":{"start":{"line":50,"column":6},"end":{"line":50,"column":59}},"18":{"start":{"line":55,"column":4},"end":{"line":55,"column":23}},"19":{"start":{"line":56,"column":25},"end":{"line":56,"column":33}},"20":{"start":{"line":57,"column":19},"end":{"line":57,"column":40}},"21":{"start":{"line":58,"column":3},"end":{"line":76,"column":4}},"22":{"start":{"line":60,"column":6},"end":{"line":60,"column":99}},"23":{"start":{"line":61,"column":6},"end":{"line":61,"column":12}},"24":{"start":{"line":63,"column":7},"end":{"line":63,"column":99}},"25":{"start":{"line":64,"column":7},"end":{"line":64,"column":13}},"26":{"start":{"line":66,"column":7},"end":{"line":66,"column":87}},"27":{"start":{"line":67,"column":7},"end":{"line":67,"column":13}},"28":{"start":{"line":69,"column":7},"end":{"line":69,"column":98}},"29":{"start":{"line":70,"column":7},"end":{"line":70,"column":13}},"30":{"start":{"line":72,"column":9},"end":{"line":72,"column":89}},"31":{"start":{"line":73,"column":9},"end":{"line":73,"column":15}},"32":{"start":{"line":75,"column":5},"end":{"line":75,"column":11}},"33":{"start":{"line":77,"column":3},"end":{"line":77,"column":44}},"34":{"start":{"line":80,"column":6},"end":{"line":80,"column":25}},"35":{"start":{"line":81,"column":6},"end":{"line":96,"column":5}},"36":{"start":{"line":82,"column":72},"end":{"line":82,"column":82}},"37":{"start":{"line":83,"column":22},"end":{"line":88,"column":27}},"38":{"start":{"line":89,"column":8},"end":{"line":89,"column":38}},"39":{"start":{"line":90,"column":7},"end":{"line":90,"column":21}},"40":{"start":{"line":95,"column":6},"end":{"line":95,"column":77}},"41":{"start":{"line":101,"column":54},"end":{"line":101,"column":64}},"42":{"start":{"line":102,"column":8},"end":{"line":128,"column":9}},"43":{"start":{"line":132,"column":23},"end":{"line":138,"column":3}},"44":{"start":{"line":133,"column":4},"end":{"line":137,"column":5}}},"fnMap":{"0":{"name":"(anonymous_0)","decl":{"start":{"line":6,"column":18},"end":{"line":6,"column":19}},"loc":{"start":{"line":6,"column":73},"end":{"line":17,"column":3}},"line":6},"1":{"name":"(anonymous_1)","decl":{"start":{"line":9,"column":36},"end":{"line":9,"column":37}},"loc":{"start":{"line":9,"column":42},"end":{"line":11,"column":3}},"line":9},"2":{"name":"(anonymous_2)","decl":{"start":{"line":13,"column":30},"end":{"line":13,"column":31}},"loc":{"start":{"line":13,"column":35},"end":{"line":15,"column":3}},"line":13},"3":{"name":"(anonymous_3)","decl":{"start":{"line":22,"column":2},"end":{"line":22,"column":3}},"loc":{"start":{"line":22,"column":16},"end":{"line":42,"column":1}},"line":22},"4":{"name":"(anonymous_4)","decl":{"start":{"line":43,"column":1},"end":{"line":43,"column":2}},"loc":{"start":{"line":43,"column":30},"end":{"line":53,"column":1}},"line":43},"5":{"name":"(anonymous_5)","decl":{"start":{"line":54,"column":3},"end":{"line":54,"column":4}},"loc":{"start":{"line":54,"column":18},"end":{"line":78,"column":3}},"line":54},"6":{"name":"(anonymous_6)","decl":{"start":{"line":79,"column":5},"end":{"line":79,"column":6}},"loc":{"start":{"line":79,"column":21},"end":{"line":98,"column":5}},"line":79},"7":{"name":"(anonymous_7)","decl":{"start":{"line":100,"column":4},"end":{"line":100,"column":5}},"loc":{"start":{"line":100,"column":13},"end":{"line":129,"column":5}},"line":100},"8":{"name":"(anonymous_8)","decl":{"start":{"line":132,"column":23},"end":{"line":132,"column":24}},"loc":{"start":{"line":132,"column":32},"end":{"line":138,"column":3}},"line":132}},"branchMap":{"0":{"loc":{"start":{"line":10,"column":4},"end":{"line":10,"column":33}},"type":"binary-expr","locations":[{"start":{"line":10,"column":4},"end":{"line":10,"column":16}},{"start":{"line":10,"column":21},"end":{"line":10,"column":32}}],"line":10},"1":{"loc":{"start":{"line":14,"column":5},"end":{"line":14,"column":30}},"type":"binary-expr","locations":[{"start":{"line":14,"column":5},"end":{"line":14,"column":13}},{"start":{"line":14,"column":18},"end":{"line":14,"column":29}}],"line":14},"2":{"loc":{"start":{"line":45,"column":2},"end":{"line":52,"column":3}},"type":"if","locations":[{"start":{"line":45,"column":2},"end":{"line":52,"column":3}},{"start":{"line":45,"column":2},"end":{"line":52,"column":3}}],"line":45},"3":{"loc":{"start":{"line":45,"column":6},"end":{"line":45,"column":59}},"type":"binary-expr","locations":[{"start":{"line":45,"column":6},"end":{"line":45,"column":29}},{"start":{"line":45,"column":32},"end":{"line":45,"column":59}}],"line":45},"4":{"loc":{"start":{"line":46,"column":4},"end":{"line":48,"column":5}},"type":"if","locations":[{"start":{"line":46,"column":4},"end":{"line":48,"column":5}},{"start":{"line":46,"column":4},"end":{"line":48,"column":5}}],"line":46},"5":{"loc":{"start":{"line":49,"column":4},"end":{"line":51,"column":5}},"type":"if","locations":[{"start":{"line":49,"column":4},"end":{"line":51,"column":5}},{"start":{"line":49,"column":4},"end":{"line":51,"column":5}}],"line":49},"6":{"loc":{"start":{"line":58,"column":3},"end":{"line":76,"column":4}},"type":"switch","locations":[{"start":{"line":59,"column":4},"end":{"line":61,"column":12}},{"start":{"line":62,"column":5},"end":{"line":64,"column":13}},{"start":{"line":65,"column":5},"end":{"line":67,"column":13}},{"start":{"line":68,"column":5},"end":{"line":70,"column":13}},{"start":{"line":71,"column":5},"end":{"line":73,"column":15}},{"start":{"line":74,"column":3},"end":{"line":75,"column":11}}],"line":58},"7":{"loc":{"start":{"line":60,"column":30},"end":{"line":60,"column":99}},"type":"cond-expr","locations":[{"start":{"line":60,"column":65},"end":{"line":60,"column":96}},{"start":{"line":60,"column":97},"end":{"line":60,"column":99}}],"line":60},"8":{"loc":{"start":{"line":60,"column":30},"end":{"line":60,"column":63}},"type":"binary-expr","locations":[{"start":{"line":60,"column":30},"end":{"line":60,"column":44}},{"start":{"line":60,"column":48},"end":{"line":60,"column":63}}],"line":60},"9":{"loc":{"start":{"line":63,"column":30},"end":{"line":63,"column":99}},"type":"cond-expr","locations":[{"start":{"line":63,"column":65},"end":{"line":63,"column":96}},{"start":{"line":63,"column":97},"end":{"line":63,"column":99}}],"line":63},"10":{"loc":{"start":{"line":63,"column":30},"end":{"line":63,"column":63}},"type":"binary-expr","locations":[{"start":{"line":63,"column":30},"end":{"line":63,"column":44}},{"start":{"line":63,"column":48},"end":{"line":63,"column":63}}],"line":63},"11":{"loc":{"start":{"line":66,"column":26},"end":{"line":66,"column":87}},"type":"cond-expr","locations":[{"start":{"line":66,"column":69},"end":{"line":66,"column":71}},{"start":{"line":66,"column":72},"end":{"line":66,"column":87}}],"line":66},"12":{"loc":{"start":{"line":66,"column":26},"end":{"line":66,"column":67}},"type":"binary-expr","locations":[{"start":{"line":66,"column":26},"end":{"line":66,"column":48}},{"start":{"line":66,"column":52},"end":{"line":66,"column":67}}],"line":66},"13":{"loc":{"start":{"line":69,"column":29},"end":{"line":69,"column":98}},"type":"cond-expr","locations":[{"start":{"line":69,"column":64},"end":{"line":69,"column":95}},{"start":{"line":69,"column":96},"end":{"line":69,"column":98}}],"line":69},"14":{"loc":{"start":{"line":69,"column":29},"end":{"line":69,"column":62}},"type":"binary-expr","locations":[{"start":{"line":69,"column":29},"end":{"line":69,"column":43}},{"start":{"line":69,"column":47},"end":{"line":69,"column":62}}],"line":69},"15":{"loc":{"start":{"line":72,"column":38},"end":{"line":72,"column":89}},"type":"cond-expr","locations":[{"start":{"line":72,"column":67},"end":{"line":72,"column":86}},{"start":{"line":72,"column":87},"end":{"line":72,"column":89}}],"line":72},"16":{"loc":{"start":{"line":81,"column":6},"end":{"line":96,"column":5}},"type":"if","locations":[{"start":{"line":81,"column":6},"end":{"line":96,"column":5}},{"start":{"line":81,"column":6},"end":{"line":96,"column":5}}],"line":81},"17":{"loc":{"start":{"line":112,"column":23},"end":{"line":112,"column":67}},"type":"cond-expr","locations":[{"start":{"line":112,"column":38},"end":{"line":112,"column":52}},{"start":{"line":112,"column":53},"end":{"line":112,"column":67}}],"line":112},"18":{"loc":{"start":{"line":112,"column":70},"end":{"line":112,"column":113}},"type":"cond-expr","locations":[{"start":{"line":112,"column":85},"end":{"line":112,"column":99}},{"start":{"line":112,"column":100},"end":{"line":112,"column":113}}],"line":112},"19":{"loc":{"start":{"line":113,"column":115},"end":{"line":113,"column":191}},"type":"cond-expr","locations":[{"start":{"line":113,"column":147},"end":{"line":113,"column":175}},{"start":{"line":113,"column":177},"end":{"line":113,"column":191}}],"line":113},"20":{"loc":{"start":{"line":114,"column":12},"end":{"line":114,"column":98}},"type":"cond-expr","locations":[{"start":{"line":114,"column":34},"end":{"line":114,"column":95}},{"start":{"line":114,"column":96},"end":{"line":114,"column":98}}],"line":114},"21":{"loc":{"start":{"line":115,"column":111},"end":{"line":115,"column":186}},"type":"cond-expr","locations":[{"start":{"line":115,"column":142},"end":{"line":115,"column":170}},{"start":{"line":115,"column":172},"end":{"line":115,"column":186}}],"line":115},"22":{"loc":{"start":{"line":116,"column":13},"end":{"line":116,"column":97}},"type":"cond-expr","locations":[{"start":{"line":116,"column":34},"end":{"line":116,"column":94}},{"start":{"line":116,"column":95},"end":{"line":116,"column":97}}],"line":116},"23":{"loc":{"start":{"line":117,"column":105},"end":{"line":117,"column":176}},"type":"cond-expr","locations":[{"start":{"line":117,"column":132},"end":{"line":117,"column":160}},{"start":{"line":117,"column":162},"end":{"line":117,"column":176}}],"line":117},"24":{"loc":{"start":{"line":118,"column":13},"end":{"line":118,"column":89}},"type":"cond-expr","locations":[{"start":{"line":118,"column":30},"end":{"line":118,"column":86}},{"start":{"line":118,"column":87},"end":{"line":118,"column":89}}],"line":118},"25":{"loc":{"start":{"line":119,"column":115},"end":{"line":119,"column":189}},"type":"cond-expr","locations":[{"start":{"line":119,"column":145},"end":{"line":119,"column":173}},{"start":{"line":119,"column":175},"end":{"line":119,"column":189}}],"line":119},"26":{"loc":{"start":{"line":120,"column":12},"end":{"line":120,"column":94}},"type":"cond-expr","locations":[{"start":{"line":120,"column":32},"end":{"line":120,"column":91}},{"start":{"line":120,"column":92},"end":{"line":120,"column":94}}],"line":120},"27":{"loc":{"start":{"line":121,"column":129},"end":{"line":121,"column":210}},"type":"cond-expr","locations":[{"start":{"line":121,"column":166},"end":{"line":121,"column":194}},{"start":{"line":121,"column":196},"end":{"line":121,"column":210}}],"line":121},"28":{"loc":{"start":{"line":122,"column":12},"end":{"line":122,"column":108}},"type":"cond-expr","locations":[{"start":{"line":122,"column":39},"end":{"line":122,"column":105}},{"start":{"line":122,"column":106},"end":{"line":122,"column":108}}],"line":122},"29":{"loc":{"start":{"line":123,"column":44},"end":{"line":123,"column":113}},"type":"cond-expr","locations":[{"start":{"line":123,"column":66},"end":{"line":123,"column":83}},{"start":{"line":123,"column":84},"end":{"line":123,"column":113}}],"line":123},"30":{"loc":{"start":{"line":123,"column":139},"end":{"line":123,"column":186}},"type":"cond-expr","locations":[{"start":{"line":123,"column":160},"end":{"line":123,"column":175}},{"start":{"line":123,"column":176},"end":{"line":123,"column":186}}],"line":123}},"s":{"0":1,"1":0,"2":0,"3":0,"4":0,"5":0,"6":0,"7":1,"8":1,"9":1,"10":1,"11":1,"12":0,"13":0,"14":0,"15":0,"16":0,"17":0,"18":0,"19":0,"20":0,"21":0,"22":0,"23":0,"24":0,"25":0,"26":0,"27":0,"28":0,"29":0,"30":0,"31":0,"32":0,"33":0,"34":0,"35":0,"36":0,"37":0,"38":0,"39":0,"40":0,"41":1,"42":1,"43":1,"44":0},"f":{"0":0,"1":0,"2":0,"3":1,"4":0,"5":0,"6":0,"7":1,"8":0},"b":{"0":[0,0],"1":[0,0],"2":[0,0],"3":[0,0],"4":[0,0],"5":[0,0],"6":[0,0,0,0,0,0],"7":[0,0],"8":[0,0],"9":[0,0],"10":[0,0],"11":[0,0],"12":[0,0],"13":[0,0],"14":[0,0],"15":[0,0],"16":[0,0],"17":[0,1],"18":[0,1],"19":[0,1],"20":[0,1],"21":[0,1],"22":[0,1],"23":[0,1],"24":[0,1],"25":[0,1],"26":[0,1],"27":[0,1],"28":[0,1],"29":[1,0],"30":[0,1]},"_coverageSchema":"1a1c01bbd47fc00a2c39e90264f33305004495a9","hash":"4c2d2e1446fbd6e6882ad1253d43443820214484"}
,"C:\\Andela\\Andela\\Andela_project\\eagles-bn-frontend\\src\\components\\ErrorBoundary\\ErrorBoundary.js": {"path":"C:\\Andela\\Andela\\Andela_project\\eagles-bn-frontend\\src\\components\\ErrorBoundary\\ErrorBoundary.js","statementMap":{"0":{"start":{"line":5,"column":4},"end":{"line":5,"column":17}},"1":{"start":{"line":6,"column":4},"end":{"line":6,"column":50}},"2":{"start":{"line":10,"column":4},"end":{"line":10,"column":40}},"3":{"start":{"line":14,"column":33},"end":{"line":14,"column":43}},"4":{"start":{"line":15,"column":4},"end":{"line":26,"column":5}},"5":{"start":{"line":16,"column":6},"end":{"line":25,"column":8}},"6":{"start":{"line":27,"column":4},"end":{"line":27,"column":31}}},"fnMap":{"0":{"name":"(anonymous_0)","decl":{"start":{"line":4,"column":2},"end":{"line":4,"column":3}},"loc":{"start":{"line":4,"column":21},"end":{"line":7,"column":3}},"line":4},"1":{"name":"(anonymous_1)","decl":{"start":{"line":9,"column":2},"end":{"line":9,"column":3}},"loc":{"start":{"line":9,"column":38},"end":{"line":11,"column":3}},"line":9},"2":{"name":"(anonymous_2)","decl":{"start":{"line":13,"column":2},"end":{"line":13,"column":3}},"loc":{"start":{"line":13,"column":11},"end":{"line":28,"column":3}},"line":13}},"branchMap":{"0":{"loc":{"start":{"line":15,"column":4},"end":{"line":26,"column":5}},"type":"if","locations":[{"start":{"line":15,"column":4},"end":{"line":26,"column":5}},{"start":{"line":15,"column":4},"end":{"line":26,"column":5}}],"line":15},"1":{"loc":{"start":{"line":20,"column":41},"end":{"line":20,"column":66}},"type":"binary-expr","locations":[{"start":{"line":20,"column":41},"end":{"line":20,"column":46}},{"start":{"line":20,"column":50},"end":{"line":20,"column":66}}],"line":20}},"s":{"0":0,"1":0,"2":0,"3":0,"4":0,"5":0,"6":0},"f":{"0":0,"1":0,"2":0},"b":{"0":[0,0],"1":[0,0]},"_coverageSchema":"1a1c01bbd47fc00a2c39e90264f33305004495a9","hash":"252d1651c50ad76965ac9569ee53869961bf538f"}
,"C:\\Andela\\Andela\\Andela_project\\eagles-bn-frontend\\src\\store\\signup\\actions.js": {"path":"C:\\Andela\\Andela\\Andela_project\\eagles-bn-frontend\\src\\store\\signup\\actions.js","statementMap":{"0":{"start":{"line":3,"column":27},"end":{"line":7,"column":1}},"1":{"start":{"line":4,"column":4},"end":{"line":6,"column":5}},"2":{"start":{"line":8,"column":26},"end":{"line":13,"column":1}},"3":{"start":{"line":9,"column":4},"end":{"line":12,"column":5}},"4":{"start":{"line":14,"column":26},"end":{"line":19,"column":1}},"5":{"start":{"line":15,"column":4},"end":{"line":18,"column":5}},"6":{"start":{"line":21,"column":27},"end":{"line":29,"column":1}},"7":{"start":{"line":21,"column":38},"end":{"line":29,"column":1}},"8":{"start":{"line":22,"column":4},"end":{"line":22,"column":39}},"9":{"start":{"line":23,"column":4},"end":{"line":23,"column":28}},"10":{"start":{"line":24,"column":4},"end":{"line":28,"column":6}},"11":{"start":{"line":25,"column":8},"end":{"line":25,"column":47}},"12":{"start":{"line":27,"column":8},"end":{"line":27,"column":54}}},"fnMap":{"0":{"name":"(anonymous_0)","decl":{"start":{"line":3,"column":27},"end":{"line":3,"column":28}},"loc":{"start":{"line":3,"column":31},"end":{"line":7,"column":1}},"line":3},"1":{"name":"(anonymous_1)","decl":{"start":{"line":8,"column":26},"end":{"line":8,"column":27}},"loc":{"start":{"line":8,"column":37},"end":{"line":13,"column":1}},"line":8},"2":{"name":"(anonymous_2)","decl":{"start":{"line":14,"column":26},"end":{"line":14,"column":27}},"loc":{"start":{"line":14,"column":35},"end":{"line":19,"column":1}},"line":14},"3":{"name":"(anonymous_3)","decl":{"start":{"line":21,"column":27},"end":{"line":21,"column":28}},"loc":{"start":{"line":21,"column":38},"end":{"line":29,"column":1}},"line":21},"4":{"name":"(anonymous_4)","decl":{"start":{"line":21,"column":38},"end":{"line":21,"column":39}},"loc":{"start":{"line":21,"column":50},"end":{"line":29,"column":1}},"line":21},"5":{"name":"(anonymous_5)","decl":{"start":{"line":24,"column":44},"end":{"line":24,"column":45}},"loc":{"start":{"line":24,"column":49},"end":{"line":26,"column":5}},"line":24},"6":{"name":"(anonymous_6)","decl":{"start":{"line":26,"column":13},"end":{"line":26,"column":14}},"loc":{"start":{"line":26,"column":18},"end":{"line":28,"column":5}},"line":26}},"branchMap":{},"s":{"0":1,"1":1,"2":1,"3":0,"4":1,"5":0,"6":1,"7":1,"8":1,"9":1,"10":1,"11":0,"12":0},"f":{"0":1,"1":0,"2":0,"3":1,"4":1,"5":0,"6":0},"b":{},"_coverageSchema":"1a1c01bbd47fc00a2c39e90264f33305004495a9","hash":"607bf4f1e80c8dd858530aafe7ead01f6e7a41ac"}
,"C:\\Andela\\Andela\\Andela_project\\eagles-bn-frontend\\src\\store\\signup\\reducer.js": {"path":"C:\\Andela\\Andela\\Andela_project\\eagles-bn-frontend\\src\\store\\signup\\reducer.js","statementMap":{"0":{"start":{"line":3,"column":21},"end":{"line":7,"column":1}},"1":{"start":{"line":9,"column":28},"end":{"line":31,"column":1}},"2":{"start":{"line":10,"column":4},"end":{"line":30,"column":5}},"3":{"start":{"line":12,"column":12},"end":{"line":15,"column":13}},"4":{"start":{"line":17,"column":12},"end":{"line":21,"column":13}},"5":{"start":{"line":23,"column":13},"end":{"line":27,"column":14}},"6":{"start":{"line":29,"column":12},"end":{"line":29,"column":24}}},"fnMap":{"0":{"name":"(anonymous_0)","decl":{"start":{"line":9,"column":28},"end":{"line":9,"column":29}},"loc":{"start":{"line":9,"column":57},"end":{"line":31,"column":1}},"line":9}},"branchMap":{"0":{"loc":{"start":{"line":9,"column":29},"end":{"line":9,"column":47}},"type":"default-arg","locations":[{"start":{"line":9,"column":35},"end":{"line":9,"column":47}}],"line":9},"1":{"loc":{"start":{"line":10,"column":4},"end":{"line":30,"column":5}},"type":"switch","locations":[{"start":{"line":11,"column":8},"end":{"line":15,"column":13}},{"start":{"line":16,"column":8},"end":{"line":21,"column":13}},{"start":{"line":22,"column":9},"end":{"line":27,"column":14}},{"start":{"line":28,"column":8},"end":{"line":29,"column":24}}],"line":10}},"s":{"0":1,"1":1,"2":3,"3":1,"4":1,"5":0,"6":1},"f":{"0":3},"b":{"0":[1],"1":[1,1,0,1]},"_coverageSchema":"1a1c01bbd47fc00a2c39e90264f33305004495a9","hash":"75ac290d6ec5bb5d21e7bb16d644e23912bd6e8e"}
,"C:\\Andela\\Andela\\Andela_project\\eagles-bn-frontend\\src\\store\\signup\\types.js": {"path":"C:\\Andela\\Andela\\Andela_project\\eagles-bn-frontend\\src\\store\\signup\\types.js","statementMap":{"0":{"start":{"line":1,"column":30},"end":{"line":1,"column":46}},"1":{"start":{"line":2,"column":30},"end":{"line":2,"column":46}},"2":{"start":{"line":3,"column":30},"end":{"line":3,"column":46}}},"fnMap":{},"branchMap":{},"s":{"0":1,"1":1,"2":1},"f":{},"b":{},"_coverageSchema":"1a1c01bbd47fc00a2c39e90264f33305004495a9","hash":"6557f3b552b3f0e149f0d86b13de1928be7e8011"}
,"C:\\Andela\\Andela\\Andela_project\\eagles-bn-frontend\\src\\test\\signup-test-utils.js": {"path":"C:\\Andela\\Andela\\Andela_project\\eagles-bn-frontend\\src\\test\\signup-test-utils.js","statementMap":{"0":{"start":{"line":18,"column":4},"end":{"line":18,"column":56}},"1":{"start":{"line":20,"column":2},"end":{"line":20,"column":62}}},"fnMap":{"0":{"name":"render","decl":{"start":{"line":9,"column":9},"end":{"line":9,"column":15}},"loc":{"start":{"line":16,"column":2},"end":{"line":21,"column":1}},"line":16},"1":{"name":"Wrapper","decl":{"start":{"line":17,"column":11},"end":{"line":17,"column":18}},"loc":{"start":{"line":17,"column":33},"end":{"line":19,"column":3}},"line":17}},"branchMap":{"0":{"loc":{"start":{"line":11,"column":2},"end":{"line":15,"column":8}},"type":"default-arg","locations":[{"start":{"line":15,"column":6},"end":{"line":15,"column":8}}],"line":11},"1":{"loc":{"start":{"line":13,"column":4},"end":{"line":13,"column":52}},"type":"default-arg","locations":[{"start":{"line":13,"column":12},"end":{"line":13,"column":52}}],"line":13}},"s":{"0":0,"1":0},"f":{"0":0,"1":0},"b":{"0":[0],"1":[0]},"_coverageSchema":"1a1c01bbd47fc00a2c39e90264f33305004495a9","hash":"e2091e82e1fa7c0735c9302c7fee05b59c24d59e"}
}
