TN:
SF:src\components\Signup.js
FN:6,(anonymous_0)
FN:9,(anonymous_1)
FN:13,(anonymous_2)
FN:22,(anonymous_3)
FN:43,(anonymous_4)
FN:54,(anonymous_5)
FN:79,(anonymous_6)
FN:100,(anonymous_7)
FN:132,(anonymous_8)
FNF:9
FNH:2
FNDA:0,(anonymous_0)
FNDA:0,(anonymous_1)
FNDA:0,(anonymous_2)
FNDA:1,(anonymous_3)
FNDA:0,(anonymous_4)
FNDA:0,(anonymous_5)
FNDA:0,(anonymous_6)
FNDA:1,(anonymous_7)
FNDA:0,(anonymous_8)
DA:6,1
DA:7,0
DA:9,0
DA:10,0
DA:13,0
DA:14,0
DA:16,0
DA:19,1
DA:23,1
DA:24,1
DA:40,1
DA:41,1
DA:44,0
DA:45,0
DA:46,0
DA:47,0
DA:49,0
DA:50,0
DA:55,0
DA:56,0
DA:57,0
DA:58,0
DA:60,0
DA:61,0
DA:63,0
DA:64,0
DA:66,0
DA:67,0
DA:69,0
DA:70,0
DA:72,0
DA:73,0
DA:75,0
DA:77,0
DA:80,0
DA:81,0
DA:82,0
DA:83,0
DA:89,0
DA:90,0
DA:95,0
DA:101,1
DA:102,1
DA:132,1
DA:133,0
LF:45
LH:9
BRDA:10,0,0,0
BRDA:10,0,1,0
BRDA:14,1,0,0
BRDA:14,1,1,0
BRDA:45,2,0,0
BRDA:45,2,1,0
BRDA:45,3,0,0
BRDA:45,3,1,0
BRDA:46,4,0,0
BRDA:46,4,1,0
BRDA:49,5,0,0
BRDA:49,5,1,0
BRDA:58,6,0,0
BRDA:58,6,1,0
BRDA:58,6,2,0
BRDA:58,6,3,0
BRDA:58,6,4,0
BRDA:58,6,5,0
BRDA:60,7,0,0
BRDA:60,7,1,0
BRDA:60,8,0,0
BRDA:60,8,1,0
BRDA:63,9,0,0
BRDA:63,9,1,0
BRDA:63,10,0,0
BRDA:63,10,1,0
BRDA:66,11,0,0
BRDA:66,11,1,0
BRDA:66,12,0,0
BRDA:66,12,1,0
BRDA:69,13,0,0
BRDA:69,13,1,0
BRDA:69,14,0,0
BRDA:69,14,1,0
BRDA:72,15,0,0
BRDA:72,15,1,0
BRDA:81,16,0,0
BRDA:81,16,1,0
BRDA:112,17,0,0
BRDA:112,17,1,1
BRDA:112,18,0,0
BRDA:112,18,1,1
BRDA:113,19,0,0
BRDA:113,19,1,1
BRDA:114,20,0,0
BRDA:114,20,1,1
BRDA:115,21,0,0
BRDA:115,21,1,1
BRDA:116,22,0,0
BRDA:116,22,1,1
BRDA:117,23,0,0
BRDA:117,23,1,1
BRDA:118,24,0,0
BRDA:118,24,1,1
BRDA:119,25,0,0
BRDA:119,25,1,1
BRDA:120,26,0,0
BRDA:120,26,1,1
BRDA:121,27,0,0
BRDA:121,27,1,1
BRDA:122,28,0,0
BRDA:122,28,1,1
BRDA:123,29,0,1
BRDA:123,29,1,0
BRDA:123,30,0,0
BRDA:123,30,1,1
BRF:66
BRH:14
end_of_record
TN:
SF:src\components\ErrorBoundary\ErrorBoundary.js
FN:4,(anonymous_0)
FN:9,(anonymous_1)
FN:13,(anonymous_2)
FNF:3
FNH:0
FNDA:0,(anonymous_0)
FNDA:0,(anonymous_1)
FNDA:0,(anonymous_2)
DA:5,0
DA:6,0
DA:10,0
DA:14,0
DA:15,0
DA:16,0
DA:27,0
LF:7
LH:0
BRDA:15,0,0,0
BRDA:15,0,1,0
BRDA:20,1,0,0
BRDA:20,1,1,0
BRF:4
BRH:0
end_of_record
TN:
SF:src\store\signup\actions.js
FN:3,(anonymous_0)
FN:8,(anonymous_1)
FN:14,(anonymous_2)
FN:21,(anonymous_3)
FN:21,(anonymous_4)
FN:24,(anonymous_5)
FN:26,(anonymous_6)
FNF:7
FNH:3
FNDA:1,(anonymous_0)
FNDA:0,(anonymous_1)
FNDA:0,(anonymous_2)
FNDA:1,(anonymous_3)
FNDA:1,(anonymous_4)
FNDA:0,(anonymous_5)
FNDA:0,(anonymous_6)
DA:3,1
DA:4,1
DA:8,1
DA:9,0
DA:14,1
DA:15,0
DA:21,1
DA:22,1
DA:23,1
DA:24,1
DA:25,0
DA:27,0
LF:12
LH:8
BRF:0
BRH:0
end_of_record
TN:
SF:src\store\signup\reducer.js
FN:9,(anonymous_0)
FNF:1
FNH:1
FNDA:3,(anonymous_0)
DA:3,1
DA:9,1
DA:10,3
DA:12,1
DA:17,1
DA:23,0
DA:29,1
LF:7
LH:6
BRDA:9,0,0,1
BRDA:10,1,0,1
BRDA:10,1,1,1
BRDA:10,1,2,0
BRDA:10,1,3,1
BRF:5
BRH:4
end_of_record
TN:
SF:src\store\signup\types.js
FNF:0
FNH:0
DA:1,1
DA:2,1
DA:3,1
LF:3
LH:3
BRF:0
BRH:0
end_of_record
TN:
SF:src\test\signup-test-utils.js
FN:9,render
FN:17,Wrapper
FNF:2
FNH:0
FNDA:0,render
FNDA:0,Wrapper
DA:18,0
DA:20,0
LF:2
LH:0
BRDA:11,0,0,0
BRDA:13,1,0,0
BRF:2
BRH:0
end_of_record
